This is pdfTeXk, Version 3.141592-1.40.3 (Web2C 7.5.6) (format=latex 2009.6.9)  1 OCT 2009 00:04
entering extended mode
 %&-line parsing enabled.
**article
(./article.tex
LaTeX2e <2005/12/01>
Babel <v3.8h> and hyphenation patterns for english, usenglishmax, dumylang, noh
yphenation, loaded.
(/usr/share/texmf-texlive/tex/latex/base/article.cls
Document Class: article 2005/09/16 v1.4f Standard LaTeX document class
(/usr/share/texmf-texlive/tex/latex/base/size10.clo
File: size10.clo 2005/09/16 v1.4f Standard LaTeX file (size option)
)
\c@part=\count79
\c@section=\count80
\c@subsection=\count81
\c@subsubsection=\count82
\c@paragraph=\count83
\c@subparagraph=\count84
\c@figure=\count85
\c@table=\count86
\abovecaptionskip=\skip41
\belowcaptionskip=\skip42
\bibindent=\dimen102
) (./latex8.sty
IEEE 8.5 x 11-Inch Proceedings Style `latex8.sty'.
\@ctmp=\skip43
\@figindent=\skip44
) (/usr/share/texmf-texlive/tex/latex/base/fontenc.sty
Package: fontenc 2005/09/27 v1.99g Standard LaTeX package

(/usr/share/texmf-texlive/tex/latex/base/t1enc.def
File: t1enc.def 2005/09/27 v1.99g Standard LaTeX file
LaTeX Font Info:    Redeclaring font encoding T1 on input line 43.
))
(/usr/share/texmf-texlive/tex/latex/base/inputenc.sty
Package: inputenc 2006/05/05 v1.1b Input encoding file
\inpenc@prehook=\toks14
\inpenc@posthook=\toks15

(/usr/share/texmf-texlive/tex/latex/base/latin1.def
File: latin1.def 2006/05/05 v1.1b Input encoding file
))
(/usr/share/texmf-texlive/tex/latex/psnfss/times.sty
Package: times 2005/04/12 PSNFSS-v9.2a (SPQR) 
)
(/usr/share/texmf-texlive/tex/latex/cite/cite.sty
LaTeX Info: Redefining \cite on input line 149.
LaTeX Info: Redefining \nocite on input line 214.
Package: cite 2003/11/04  v 4.01
)
(/usr/share/texmf-texlive/tex/latex/ltxmisc/url.sty
\Urlmuskip=\muskip10
Package: url 2005/06/27  ver 3.2  Verb mode for urls, etc.
)
(/usr/share/texmf-texlive/tex/latex/graphics/graphicx.sty
Package: graphicx 1999/02/16 v1.0f Enhanced LaTeX Graphics (DPC,SPQR)

(/usr/share/texmf-texlive/tex/latex/graphics/keyval.sty
Package: keyval 1999/03/16 v1.13 key=value parser (DPC)
\KV@toks@=\toks16
)
(/usr/share/texmf-texlive/tex/latex/graphics/graphics.sty
Package: graphics 2006/02/20 v1.0o Standard LaTeX Graphics (DPC,SPQR)

(/usr/share/texmf-texlive/tex/latex/graphics/trig.sty
Package: trig 1999/03/16 v1.09 sin cos tan (DPC)
)
(/etc/texmf/tex/latex/config/graphics.cfg
File: graphics.cfg 2007/01/18 v1.5 graphics configuration of teTeX/TeXLive
)
Package graphics Info: Driver file: dvips.def on input line 90.

(/usr/share/texmf-texlive/tex/latex/graphics/dvips.def
File: dvips.def 1999/02/16 v3.0i Driver-dependant file (DPC,SPQR)
))
\Gin@req@height=\dimen103
\Gin@req@width=\dimen104
)

LaTeX Warning: Unused global option(s):
    [times,09pt].

(./article.aux)
\openout1 = `article.aux'.

LaTeX Font Info:    Checking defaults for OML/cmm/m/it on input line 12.
LaTeX Font Info:    ... okay on input line 12.
LaTeX Font Info:    Checking defaults for T1/cmr/m/n on input line 12.
LaTeX Font Info:    ... okay on input line 12.
LaTeX Font Info:    Checking defaults for OT1/cmr/m/n on input line 12.
LaTeX Font Info:    ... okay on input line 12.
LaTeX Font Info:    Checking defaults for OMS/cmsy/m/n on input line 12.
LaTeX Font Info:    ... okay on input line 12.
LaTeX Font Info:    Checking defaults for OMX/cmex/m/n on input line 12.
LaTeX Font Info:    ... okay on input line 12.
LaTeX Font Info:    Checking defaults for U/cmr/m/n on input line 12.
LaTeX Font Info:    ... okay on input line 12.
LaTeX Font Info:    Try loading font information for T1+ptm on input line 12.
 (/usr/share/texmf-texlive/tex/latex/psnfss/t1ptm.fd
File: t1ptm.fd 2001/06/04 font definitions for T1/ptm.
)
LaTeX Font Info:    Font shape `T1/ptm/bx/n' in size <14.4> not available
(Font)              Font shape `T1/ptm/b/n' tried instead on input line 20.
LaTeX Font Info:    External font `cmex10' loaded for size
(Font)              <12> on input line 20.
LaTeX Font Info:    External font `cmex10' loaded for size
(Font)              <8> on input line 20.
LaTeX Font Info:    External font `cmex10' loaded for size
(Font)              <6> on input line 20.
LaTeX Font Info:    Font shape `T1/ptm/bx/n' in size <12> not available
(Font)              Font shape `T1/ptm/b/n' tried instead on input line 23.
 [1


]
File: images/integrade2_ieee.eps Graphic file (type eps)

<images/integrade2_ieee.eps> [2]
Underfull \hbox (badness 1859) in paragraph at lines 225--228
[]\T1/ptm/m/n/10 The \T1/ptm/m/it/10 Sta-bleStor-age \T1/ptm/m/n/10 agent re-ce
ives the com-pressed
 []

LaTeX Font Info:    Try loading font information for T1+pcr on input line 263.
(/usr/share/texmf-texlive/tex/latex/psnfss/t1pcr.fd
File: t1pcr.fd 2001/06/04 font definitions for T1/pcr.
)
Underfull \hbox (badness 1990) in paragraph at lines 261--265
\T1/ptm/m/n/10 ap-pli-ca-tions. This is im-ple-mented by ex-tend-ing the
 []


Underfull \hbox (badness 3039) in paragraph at lines 269--269
[]\T1/ptm/b/n/12 Improving MAG: to-wards an adap-tive
 []

[3]
File: repCheckNovoFalha.eps Graphic file (type eps)
 <repCheckNovoFalha.eps>
File: feedback.eps Graphic file (type eps)
 <feedback.eps>
Overfull \hbox (23.71503pt too wide) in paragraph at lines 337--338
 [][] 
 []

LaTeX Font Info:    External font `cmex10' loaded for size
(Font)              <7> on input line 345.
LaTeX Font Info:    External font `cmex10' loaded for size
(Font)              <5> on input line 345.
[4]
LaTeX Font Info:    Try loading font information for OMS+ptm on input line 376.

 (/usr/share/texmf-texlive/tex/latex/psnfss/omsptm.fd
File: omsptm.fd 
)
LaTeX Font Info:    Font shape `OMS/ptm/m/n' in size <10> not available
(Font)              Font shape `OMS/cmsy/m/n' tried instead on input line 376.
File: 49-55_scenario.eps Graphic file (type eps)
 <49-55_scenario.eps>
Overfull \hbox (23.71503pt too wide) in paragraph at lines 412--413
 [][] 
 []

[5] (./article.bbl
Underfull \hbox (badness 1178) in paragraph at lines 26--30
[]\T1/ptm/m/n/9 R. Buyya and M. M. Mur-shed.  Grid-sim: A toolkit
 []

LaTeX Font Info:    External font `cmex10' loaded for size
(Font)              <9> on input line 46.

Underfull \hbox (badness 10000) in paragraph at lines 44--48
\T1/pcr/m/n/9 http : / / www . spec . org / cpu2000 / results /
 []


Underfull \hbox (badness 1448) in paragraph at lines 56--60
[]\T1/ptm/m/n/9 distributed.net.  General-purpose dis-tributed com-put-ing
 []


Underfull \hbox (badness 1448) in paragraph at lines 134--138
\T1/ptm/m/n/9 at home.  $\T1/pcr/m/n/9 http : / / setiathome . ssl . berkeley .

 []

) [6] (./article.aux) ) 
Here is how much of TeX's memory you used:
 1096 strings out of 95087
 12424 string characters out of 1183279
 62547 words of memory out of 1500000
 4276 multiletter control sequences out of 10000+50000
 27863 words of font info for 42 fonts, out of 1200000 for 2000
 28 hyphenation exceptions out of 8191
 25i,8n,19p,180b,328s stack positions out of 5000i,500n,6000p,200000b,5000s

Output written on article.dvi (6 pages, 38944 bytes).
