This is pdfTeXk, Version 3.141592-1.40.3 (Web2C 7.5.6) (format=latex 2009.6.9)  1 OCT 2009 02:44
entering extended mode
 %&-line parsing enabled.
**MGC2009-viniciuspinheiro
(./MGC2009-viniciuspinheiro.tex
LaTeX2e <2005/12/01>
Babel <v3.8h> and hyphenation patterns for english, usenglishmax, dumylang, noh
yphenation, loaded.
(./sig-alternate.cls (/usr/share/texmf-texlive/tex/latex/graphics/epsfig.sty
Package: epsfig 1999/02/16 v1.7a (e)psfig emulation (SPQR)

(/usr/share/texmf-texlive/tex/latex/graphics/graphicx.sty
Package: graphicx 1999/02/16 v1.0f Enhanced LaTeX Graphics (DPC,SPQR)

(/usr/share/texmf-texlive/tex/latex/graphics/keyval.sty
Package: keyval 1999/03/16 v1.13 key=value parser (DPC)
\KV@toks@=\toks14
)
(/usr/share/texmf-texlive/tex/latex/graphics/graphics.sty
Package: graphics 2006/02/20 v1.0o Standard LaTeX Graphics (DPC,SPQR)

(/usr/share/texmf-texlive/tex/latex/graphics/trig.sty
Package: trig 1999/03/16 v1.09 sin cos tan (DPC)
)
(/etc/texmf/tex/latex/config/graphics.cfg
File: graphics.cfg 2007/01/18 v1.5 graphics configuration of teTeX/TeXLive
)
Package graphics Info: Driver file: dvips.def on input line 90.

(/usr/share/texmf-texlive/tex/latex/graphics/dvips.def
File: dvips.def 1999/02/16 v3.0i Driver-dependant file (DPC,SPQR)
))
\Gin@req@height=\dimen102
\Gin@req@width=\dimen103
)
\epsfxsize=\dimen104
\epsfysize=\dimen105
)
(/usr/share/texmf-texlive/tex/latex/amsfonts/amssymb.sty
Package: amssymb 2002/01/22 v2.2d

(/usr/share/texmf-texlive/tex/latex/amsfonts/amsfonts.sty
Package: amsfonts 2001/10/25 v2.2f
\@emptytoks=\toks15
\symAMSa=\mathgroup4
\symAMSb=\mathgroup5
LaTeX Font Info:    Overwriting math alphabet `\mathfrak' in version `bold'
(Font)                  U/euf/m/n --> U/euf/b/n on input line 132.
))
(/usr/share/texmf-texlive/tex/latex/amsmath/amsmath.sty
Package: amsmath 2000/07/18 v2.13 AMS math features
\@mathmargin=\skip41

For additional information on amsmath, use the `?' option.
(/usr/share/texmf-texlive/tex/latex/amsmath/amstext.sty
Package: amstext 2000/06/29 v2.01

(/usr/share/texmf-texlive/tex/latex/amsmath/amsgen.sty
File: amsgen.sty 1999/11/30 v2.0
\@emptytoks=\toks16
\ex@=\dimen106
))
(/usr/share/texmf-texlive/tex/latex/amsmath/amsbsy.sty
Package: amsbsy 1999/11/29 v1.2d
\pmbraise@=\dimen107
)
(/usr/share/texmf-texlive/tex/latex/amsmath/amsopn.sty
Package: amsopn 1999/12/14 v2.01 operator names
)
\inf@bad=\count79
LaTeX Info: Redefining \frac on input line 211.
\uproot@=\count80
\leftroot@=\count81
LaTeX Info: Redefining \overline on input line 307.
\classnum@=\count82
\DOTSCASE@=\count83
LaTeX Info: Redefining \ldots on input line 379.
LaTeX Info: Redefining \dots on input line 382.
LaTeX Info: Redefining \cdots on input line 467.
\Mathstrutbox@=\box26
\strutbox@=\box27
\big@size=\dimen108
LaTeX Font Info:    Redeclaring font encoding OML on input line 567.
LaTeX Font Info:    Redeclaring font encoding OMS on input line 568.
\macc@depth=\count84
\c@MaxMatrixCols=\count85
\dotsspace@=\muskip10
\c@parentequation=\count86
\dspbrk@lvl=\count87
\tag@help=\toks17
\row@=\count88
\column@=\count89
\maxfields@=\count90
\andhelp@=\toks18
\eqnshift@=\dimen109
\alignsep@=\dimen110
\tagshift@=\dimen111
\tagwidth@=\dimen112
\totwidth@=\dimen113
\lineht@=\dimen114
\@envbody=\toks19
\multlinegap=\skip42
\multlinetaggap=\skip43
\mathdisplay@stack=\toks20
LaTeX Info: Redefining \[ on input line 2666.
LaTeX Info: Redefining \] on input line 2667.
)
Document Class 'sig-alternate' <22nd. April '09>. Modified by G.K.M. Tobin/Gerr
y Murray
Based in part upon document Style `acmconf' <22 May 89>. Hacked 4/91 by
shivers@cs.cmu.edu, 4/93 by theobald@cs.mcgill.ca
Excerpts were taken from (Journal Style) 'esub2acm.cls'.
****** Bugs/comments/suggestions/technicalities to Gerry Murray -- murray@hq.ac
m.org ******
Questions on the style, SIGS policies, etc. to Adrienne Griscti griscti@acm.org

\footheight=\dimen115
\@maxsep=\dimen116
\@dblmaxsep=\dimen117
\aucount=\count91
\originalaucount=\count92
\auwidth=\dimen118
\auskip=\dimen119
\auskipcount=\count93
\auskip=\dimen120
\allauboxes=\dimen121
\addauthors=\toks21
\addauflag=\count94
\subtitletext=\toks22
\savesection=\count95
\sectioncntr=\count96
\c@figure=\count97
\c@table=\count98
\titleboxnotes=\toks23
\titleboxnoteflag=\count99
Document Class: sig-alternate 2009/04/22 - V2.4 - based on acmproc.cls V1.3 <No
v. 30 '99>
(/usr/share/texmf-texlive/tex/latex/base/latexsym.sty
Package: latexsym 1998/08/17 v2.2e Standard LaTeX package (lasy symbols)
\symlasy=\mathgroup6
LaTeX Font Info:    Overwriting symbol font `lasy' in version `bold'
(Font)                  U/lasy/m/n --> U/lasy/b/n on input line 47.
)
\@acmtitlebox=\box28
\titlenotecount=\count100
\tntoks=\toks24
\tntokstwo=\toks25
\tntoksthree=\toks26
\tntoksfour=\toks27
\tntoksfive=\toks28
\catcount=\count101
\copyrightnotice=\toks29
\conf=\toks30
\confinfo=\toks31
\c@part=\count102
\c@section=\count103
\c@subsection=\count104
\c@subsubsection=\count105
\c@paragraph=\count106

Using 'Abbrev' bibliography style
LaTeX Info: Redefining \cite on input line 1211.
\bibindent=\dimen122
\colcntr=\count107
\saveb@x=\box29
\copyrtyr=\toks32
\acmcopyr=\toks33
\boilerplate=\toks34
\copyrightetc=\toks35
(/usr/share/texmf-texlive/tex/latex/base/fontenc.sty
Package: fontenc 2005/09/27 v1.99g Standard LaTeX package

(/usr/share/texmf-texlive/tex/latex/base/t1enc.def
File: t1enc.def 2005/09/27 v1.99g Standard LaTeX file
LaTeX Font Info:    Redeclaring font encoding T1 on input line 43.
)
LaTeX Font Info:    Try loading font information for T1+aer on input line 100.

(/usr/share/texmf-texlive/tex/latex/ae/t1aer.fd
File: t1aer.fd 1997/11/16 Font definitions for T1/aer.
)))
(./MGC2009-viniciuspinheiro.aux)
\openout1 = `MGC2009-viniciuspinheiro.aux'.

LaTeX Font Info:    Checking defaults for OML/cmm/m/it on input line 39.
LaTeX Font Info:    ... okay on input line 39.
LaTeX Font Info:    Checking defaults for T1/cmr/m/n on input line 39.
LaTeX Font Info:    ... okay on input line 39.
LaTeX Font Info:    Checking defaults for OT1/cmr/m/n on input line 39.
LaTeX Font Info:    ... okay on input line 39.
LaTeX Font Info:    Checking defaults for OMS/cmsy/m/n on input line 39.
LaTeX Font Info:    ... okay on input line 39.
LaTeX Font Info:    Checking defaults for OMX/cmex/m/n on input line 39.
LaTeX Font Info:    ... okay on input line 39.
LaTeX Font Info:    Checking defaults for U/cmr/m/n on input line 39.
LaTeX Font Info:    ... okay on input line 39.
LaTeX Font Info:    Try loading font information for U+msa on input line 113.

(/usr/share/texmf-texlive/tex/latex/amsfonts/umsa.fd
File: umsa.fd 2002/01/19 v2.2g AMS font definitions
)
LaTeX Font Info:    Try loading font information for U+msb on input line 113.

(/usr/share/texmf-texlive/tex/latex/amsfonts/umsb.fd
File: umsb.fd 2002/01/19 v2.2g AMS font definitions
)
LaTeX Font Info:    Try loading font information for U+lasy on input line 113.

(/usr/share/texmf-texlive/tex/latex/base/ulasy.fd
File: ulasy.fd 1998/08/17 v2.2e LaTeX symbol font definitions
) [1


]
Overfull \hbox (3.04755pt too wide) in paragraph at lines 238--250
\T1/aer/m/n/9 re-lated to the mid-dle-ware, not the ap-pli-ca-tion (e.g. ARMS [
6]
 []


Overfull \hbox (1.56491pt too wide) in paragraph at lines 238--250
\T1/aer/m/n/9 cently a work based on the mo-bile agents frame-work Jade [25]
 []

File: images/integrade2_ieee.eps Graphic file (type eps)
<images/integrade2_ieee.eps> [2]
Overfull \hbox (19.2046pt too wide) in paragraph at lines 314--316
[]\T1/aer/m/n/9 The \T1/aer/m/it/9 Ex-e-cu-tion-Repli-ca-tion-Man-ager-A-gent (
ERM) \T1/aer/m/n/9 dis-tributes
 []


Overfull \hbox (1.11502pt too wide) in paragraph at lines 317--320
[]\T1/aer/m/n/9 The \T1/aer/m/it/9 Sta-bleStor-age \T1/aer/m/n/9 agent re-ceive
s the com-pressed check-
 []


Overfull \hbox (2.83348pt too wide) in paragraph at lines 347--350
\T1/aer/m/n/9 cally saves its ex-e-cu-tion state in a sta-ble stor-age. Retry-
 []

LaTeX Font Info:    Try loading font information for T1+aett on input line 355.

(/usr/share/texmf-texlive/tex/latex/ae/t1aett.fd
File: t1aett.fd 1997/11/16 Font definitions for T1/aett.
)
Overfull \hbox (25.22516pt too wide) in paragraph at lines 358--360
\T1/aer/m/n/9 tained through code in-stru-men-ta-tion pro-vided by the \T1/aer/
m/it/9 MAG/Brakes
 []


Overfull \hbox (8.45656pt too wide) in paragraph at lines 361--361
[]\secfnt IMPROVING MAG: TO-WARDS AN ADAP-
 []

File: repCheckNovoFalha.eps Graphic file (type eps)
<repCheckNovoFalha.eps> [3]
File: feedback.eps Graphic file (type eps)
 <feedback.eps>
Overfull \hbox (24.00146pt too wide) in paragraph at lines 429--430
 [][] 
 []


Overfull \hbox (3.98322pt too wide) in paragraph at lines 460--466
\T1/aer/m/n/9 var-i-ous sce-nar-ios, demon-strat-ing the po-ten-tial value of a
dding
 []

File: 49-55_scenario.eps Graphic file (type eps)
<49-55_scenario.eps>
Overfull \hbox (24.00146pt too wide) in paragraph at lines 504--505
 [][] 
 []

[4] (./MGC2009-viniciuspinheiro.bbl
! Undefined control sequence.
l.46 \newblock \url
                   {http://www.spec.org/cpu2000/results/cfp2000.html}.
? 
! Undefined control sequence.
l.52 \newblock \url
                   {http://www.climateprediction.net}.
? 
! Undefined control sequence.
l.58 \newblock \url
                   {http://www.distributed.net}.
? 
! Undefined control sequence.
l.70 \newblock \url
                   {http://www.mersenne.org}.
? 
! Undefined control sequence.
l.93 \newblock \url
                   {http://www.trl.ibm.com/aglets/}.
? 
[5]
! Undefined control sequence.
l.130 \newblock \url
                    {http://boinc.berkeley.edu/}.
? 
! Undefined control sequence.
l.136 \newblock \url
                    {http://setiathome.ssl.berkeley.edu/}.
? 
! Undefined control sequence.
l.149 \newblock \url
                    {http://www.jade.tilab.com}.
? 
) [6

] (./MGC2009-viniciuspinheiro.aux) ) 
Here is how much of TeX's memory you used:
 1875 strings out of 95087
 20849 string characters out of 1183279
 74289 words of memory out of 1500000
 5029 multiletter control sequences out of 10000+50000
 41648 words of font info for 53 fonts, out of 1200000 for 2000
 28 hyphenation exceptions out of 8191
 39i,10n,26p,461b,252s stack positions out of 5000i,500n,6000p,200000b,5000s

Output written on MGC2009-viniciuspinheiro.dvi (6 pages, 41216 bytes).
