This is pdfTeX, Version 3.1415926-1.40.10 (TeX Live 2009/Debian) (format=latex 2010.1.30)  3 FEB 2010 03:19
entering extended mode
 restricted \write18 enabled.
 %&-line parsing enabled.
**cpe-vinicius
(./cpe-vinicius.tex
LaTeX2e <2009/09/24>
Babel <v3.8l> and hyphenation patterns for english, usenglishmax, dumylang, noh
yphenation, loaded.
(./cpeauth.cls
Document Class: cpeauth 2002/09/19 v2.02\ Concurrency Computat.: Pract. Exper.
(/usr/share/texmf-texlive/tex/latex/base/article.cls
Document Class: article 2007/10/19 v1.4h Standard LaTeX document class
(/usr/share/texmf-texlive/tex/latex/base/size10.clo
File: size10.clo 2007/10/19 v1.4h Standard LaTeX file (size option)
)
\c@part=\count79
\c@section=\count80
\c@subsection=\count81
\c@subsubsection=\count82
\c@paragraph=\count83
\c@subparagraph=\count84
\c@figure=\count85
\c@table=\count86
\abovecaptionskip=\skip41
\belowcaptionskip=\skip42
\bibindent=\dimen102
)
(/usr/share/texmf-texlive/tex/latex/graphics/graphicx.sty
Package: graphicx 1999/02/16 v1.0f Enhanced LaTeX Graphics (DPC,SPQR)

(/usr/share/texmf-texlive/tex/latex/graphics/keyval.sty
Package: keyval 1999/03/16 v1.13 key=value parser (DPC)
\KV@toks@=\toks14
)
(/usr/share/texmf-texlive/tex/latex/graphics/graphics.sty
Package: graphics 2009/02/05 v1.0o Standard LaTeX Graphics (DPC,SPQR)

(/usr/share/texmf-texlive/tex/latex/graphics/trig.sty
Package: trig 1999/03/16 v1.09 sin cos tan (DPC)
)
(/etc/texmf/tex/latex/config/graphics.cfg
File: graphics.cfg 2009/08/28 v1.8 graphics configuration of TeX Live
)
Package graphics Info: Driver file: dvips.def on input line 91.

(/usr/share/texmf-texlive/tex/latex/graphics/dvips.def
File: dvips.def 1999/02/16 v3.0i Driver-dependant file (DPC,SPQR)
))
\Gin@req@height=\dimen103
\Gin@req@width=\dimen104
)
(/usr/share/texmf-texlive/tex/latex/psnfss/pifont.sty
Package: pifont 2005/04/12 PSNFSS-v9.2a Pi font support (SPQR) 
LaTeX Font Info:    Try loading font information for U+pzd on input line 63.

(/usr/share/texmf-texlive/tex/latex/psnfss/upzd.fd
File: upzd.fd 2001/06/04 font definitions for U/pzd.
)
LaTeX Font Info:    Try loading font information for U+psy on input line 64.

(/usr/share/texmf-texlive/tex/latex/psnfss/upsy.fd
File: upsy.fd 2001/06/04 font definitions for U/psy.
))
(/usr/share/texmf-texlive/tex/latex/base/latexsym.sty
Package: latexsym 1998/08/17 v2.2e Standard LaTeX package (lasy symbols)
\symlasy=\mathgroup4
LaTeX Font Info:    Overwriting symbol font `lasy' in version `bold'
(Font)                  U/lasy/m/n --> U/lasy/b/n on input line 47.
)
(/usr/share/texmf-texlive/tex/latex/base/ifthen.sty
Package: ifthen 2001/05/26 v1.1c Standard LaTeX ifthen package (DPC)
)
(/usr/share/texmf-texlive/tex/latex/tools/theorem.sty
Package: theorem 1995/11/23 v2.2c Theorem extension package (FMi)
\theorem@style=\toks15
\theorem@bodyfont=\toks16
\theorempreskipamount=\skip43
\theorempostskipamount=\skip44

(/usr/share/texmf-texlive/tex/latex/tools/thp.sty
File: thp.sty 1995/11/23 v2.2c Theorem extension package (FMi)
))
(/usr/share/texmf-texlive/tex/latex/rotating/rotating.sty
Package: rotating 2009/03/28 v2.16a rotated objects in LaTeX
\c@r@tfl@t=\count87
\rotFPtop=\skip45
\rotFPbot=\skip46
\rot@float@box=\box26
\rot@mess@toks=\toks17
)
(/usr/share/texmf-texlive/tex/latex/base/alltt.sty
Package: alltt 1997/06/16 v2.0g defines alltt environment
)
(/usr/share/texmf-texlive/tex/latex/tools/calc.sty
Package: calc 2007/08/22 v4.3 Infix arithmetic (KKT,FJ)
\calc@Acount=\count88
\calc@Bcount=\count89
\calc@Adimen=\dimen105
\calc@Bdimen=\dimen106
\calc@Askip=\skip47
\calc@Bskip=\skip48
LaTeX Info: Redefining \setlength on input line 76.
LaTeX Info: Redefining \addtolength on input line 77.
\calc@Ccount=\count90
\calc@Cskip=\skip49
)
(/usr/share/texmf-texlive/tex/latex/amsfonts/amsfonts.sty
Package: amsfonts 2009/06/22 v3.00 Basic AMSFonts support
\@emptytoks=\toks18
\symAMSa=\mathgroup5
\symAMSb=\mathgroup6
LaTeX Font Info:    Overwriting math alphabet `\mathfrak' in version `bold'
(Font)                  U/euf/m/n --> U/euf/b/n on input line 96.
)
(/usr/share/texmf-texlive/tex/latex/amsfonts/amssymb.sty
Package: amssymb 2009/06/22 v3.00
)
(/usr/share/texmf-texlive/tex/latex/amsmath/amsbsy.sty
Package: amsbsy 1999/11/29 v1.2d

(/usr/share/texmf-texlive/tex/latex/amsmath/amsgen.sty
File: amsgen.sty 1999/11/30 v2.0
\@emptytoks=\toks19
\ex@=\dimen107
)
\pmbraise@=\dimen108
)
(/usr/share/texmf-texlive/tex/latex/amsmath/amsmath.sty
Package: amsmath 2000/07/18 v2.13 AMS math features
\@mathmargin=\skip50

For additional information on amsmath, use the `?' option.
(/usr/share/texmf-texlive/tex/latex/amsmath/amstext.sty
Package: amstext 2000/06/29 v2.01
)
(/usr/share/texmf-texlive/tex/latex/amsmath/amsopn.sty
Package: amsopn 1999/12/14 v2.01 operator names
)
\inf@bad=\count91
LaTeX Info: Redefining \frac on input line 211.
\uproot@=\count92
\leftroot@=\count93
LaTeX Info: Redefining \overline on input line 307.
\classnum@=\count94
\DOTSCASE@=\count95
LaTeX Info: Redefining \ldots on input line 379.
LaTeX Info: Redefining \dots on input line 382.
LaTeX Info: Redefining \cdots on input line 467.
\Mathstrutbox@=\box27
\strutbox@=\box28
\big@size=\dimen109
LaTeX Font Info:    Redeclaring font encoding OML on input line 567.
LaTeX Font Info:    Redeclaring font encoding OMS on input line 568.
\macc@depth=\count96
\c@MaxMatrixCols=\count97
\dotsspace@=\muskip10
\c@parentequation=\count98
\dspbrk@lvl=\count99
\tag@help=\toks20
\row@=\count100
\column@=\count101
\maxfields@=\count102
\andhelp@=\toks21
\eqnshift@=\dimen110
\alignsep@=\dimen111
\tagshift@=\dimen112
\tagwidth@=\dimen113
\totwidth@=\dimen114
\lineht@=\dimen115
\@envbody=\toks22
\multlinegap=\skip51
\multlinetaggap=\skip52
\mathdisplay@stack=\toks23
LaTeX Info: Redefining \[ on input line 2666.
LaTeX Info: Redefining \] on input line 2667.
)
(/usr/share/texmf-texlive/tex/latex/base/tracefnt.sty
Package: tracefnt 1997/05/29 v3.0j Standard LaTeX package (font tracing)
\tracingfonts=\count103
LaTeX Info: Redefining \selectfont on input line 101.
)
\figcaptionwidth=\skip53
\figcaphshift=\skip54
\captionwidth=\skip55
\tabcaphshift=\skip56
) (./cpe-vinicius.aux)
\openout1 = `cpe-vinicius.aux'.

LaTeX Font Info:    Checking defaults for OML/cmm/m/it on input line 7.
LaTeX Font Info:    ... okay on input line 7.
LaTeX Font Info:    Checking defaults for T1/cmr/m/n on input line 7.
LaTeX Font Info:    ... okay on input line 7.
LaTeX Font Info:    Checking defaults for OT1/cmr/m/n on input line 7.
LaTeX Font Info:    ... okay on input line 7.
LaTeX Font Info:    Checking defaults for OMS/cmsy/m/n on input line 7.
LaTeX Font Info:    ... okay on input line 7.
LaTeX Font Info:    Checking defaults for OMX/cmex/m/n on input line 7.
LaTeX Font Info:    ... okay on input line 7.
LaTeX Font Info:    Checking defaults for U/cmr/m/n on input line 7.
LaTeX Font Info:    ... okay on input line 7.
\c@pageone=\count104
\c@lastpage=\count105
\c@pages=\count106
LaTeX Font Warning: Font shape `OT1/cmr/m/n' in size <18> not available
(Font)              size <17.28> substituted on input line 16.
LaTeX Font Warning: Font shape `OT1/cmr/bx/n' in size <18> not available
(Font)              size <17.28> substituted on input line 16.
LaTeX Font Info:    Calculating math sizes for size <18> on input line 16.
LaTeX Font Warning: Font shape `OT1/cmr/m/n' in size <12.59995> not available
(Font)              size <12> substituted on input line 16.
LaTeX Font Warning: Font shape `OML/cmm/m/it' in size <18> not available
(Font)              size <17.28> substituted on input line 16.
LaTeX Font Warning: Font shape `OML/cmm/m/it' in size <12.59995> not available
(Font)              size <12> substituted on input line 16.
LaTeX Font Warning: Font shape `OMS/cmsy/m/n' in size <18> not available
(Font)              size <17.28> substituted on input line 16.
LaTeX Font Warning: Font shape `OMS/cmsy/m/n' in size <12.59995> not available
(Font)              size <12> substituted on input line 16.
LaTeX Font Info:    Try loading font information for U+lasy on input line 16.

(/usr/share/texmf-texlive/tex/latex/base/ulasy.fd
File: ulasy.fd 1998/08/17 v2.2e LaTeX symbol font definitions
)
LaTeX Font Warning: Font shape `U/lasy/m/n' in size <18> not available
(Font)              size <17.28> substituted on input line 16.
LaTeX Font Warning: Font shape `U/lasy/m/n' in size <12.59995> not available
(Font)              size <12> substituted on input line 16.
LaTeX Font Info:    Try loading font information for U+msa on input line 16.

(/usr/share/texmf-texlive/tex/latex/amsfonts/umsa.fd
File: umsa.fd 2009/06/22 v3.00 AMS symbols A
)
LaTeX Font Info:    Try loading font information for U+msb on input line 16.

(/usr/share/texmf-texlive/tex/latex/amsfonts/umsb.fd
File: umsb.fd 2009/06/22 v3.00 AMS symbols B
)
LaTeX Font Info:    Calculating math sizes for size <12.59995> on input line 16
.
LaTeX Font Warning: Font shape `OT1/cmr/m/n' in size <8.81992> not available
(Font)              size <9> substituted on input line 16.
LaTeX Font Warning: Font shape `OT1/cmr/m/n' in size <6.29997> not available
(Font)              size <6> substituted on input line 16.
LaTeX Font Warning: Font shape `OML/cmm/m/it' in size <8.81992> not available
(Font)              size <9> substituted on input line 16.
LaTeX Font Warning: Font shape `OML/cmm/m/it' in size <6.29997> not available
(Font)              size <6> substituted on input line 16.
LaTeX Font Warning: Font shape `OMS/cmsy/m/n' in size <8.81992> not available
(Font)              size <9> substituted on input line 16.
LaTeX Font Warning: Font shape `OMS/cmsy/m/n' in size <6.29997> not available
(Font)              size <6> substituted on input line 16.
LaTeX Font Warning: Font shape `U/lasy/m/n' in size <8.81992> not available
(Font)              size <9> substituted on input line 16.
LaTeX Font Warning: Font shape `U/lasy/m/n' in size <6.29997> not available
(Font)              size <6> substituted on input line 16.
LaTeX Font Warning: Font shape `OT1/cmr/m/n' in size <11> not available
(Font)              size <10.95> substituted on input line 18.
LaTeX Font Info:    Calculating math sizes for size <11> on input line 18.
LaTeX Font Warning: Font shape `OT1/cmr/m/n' in size <7.69997> not available
(Font)              size <8> substituted on input line 18.
LaTeX Font Warning: Font shape `OT1/cmr/m/n' in size <5.5> not available
(Font)              size <5> substituted on input line 18.
LaTeX Font Warning: Font shape `OML/cmm/m/it' in size <11> not available
(Font)              size <10.95> substituted on input line 18.
LaTeX Font Warning: Font shape `OML/cmm/m/it' in size <7.69997> not available
(Font)              size <8> substituted on input line 18.
LaTeX Font Warning: Font shape `OML/cmm/m/it' in size <5.5> not available
(Font)              size <5> substituted on input line 18.
LaTeX Font Warning: Font shape `OMS/cmsy/m/n' in size <11> not available
(Font)              size <10.95> substituted on input line 18.
LaTeX Font Warning: Font shape `OMS/cmsy/m/n' in size <7.69997> not available
(Font)              size <8> substituted on input line 18.
LaTeX Font Warning: Font shape `OMS/cmsy/m/n' in size <5.5> not available
(Font)              size <5> substituted on input line 18.
LaTeX Font Warning: Font shape `U/lasy/m/n' in size <11> not available
(Font)              size <10.95> substituted on input line 18.
LaTeX Font Warning: Font shape `U/lasy/m/n' in size <7.69997> not available
(Font)              size <8> substituted on input line 18.
LaTeX Font Warning: Font shape `U/lasy/m/n' in size <5.5> not available
(Font)              size <5> substituted on input line 18.
LaTeX Font Info:    Calculating math sizes for size <7.69997> on input line 18.

LaTeX Font Warning: Font shape `OT1/cmr/m/n' in size <5.38994> not available
(Font)              size <5> substituted on input line 18.
LaTeX Font Warning: Font shape `OT1/cmr/m/n' in size <3.84998> not available
(Font)              size <5> substituted on input line 18.
LaTeX Font Warning: Font shape `OML/cmm/m/it' in size <5.38994> not available
(Font)              size <5> substituted on input line 18.
LaTeX Font Warning: Font shape `OML/cmm/m/it' in size <3.84998> not available
(Font)              size <5> substituted on input line 18.
LaTeX Font Warning: Font shape `OMS/cmsy/m/n' in size <5.38994> not available
(Font)              size <5> substituted on input line 18.
LaTeX Font Warning: Font shape `OMS/cmsy/m/n' in size <3.84998> not available
(Font)              size <5> substituted on input line 18.
LaTeX Font Warning: Font shape `U/lasy/m/n' in size <5.38994> not available
(Font)              size <5> substituted on input line 18.
LaTeX Font Warning: Font shape `U/lasy/m/n' in size <3.84998> not available
(Font)              size <5> substituted on input line 18.
LaTeX Font Info:    Try loading font information for OMS+cmr on input line 53.

(/usr/share/texmf-texlive/tex/latex/base/omscmr.fd
File: omscmr.fd 1999/05/25 v2.5h Standard LaTeX font definitions
)
LaTeX Font Info:    Font shape `OMS/cmr/bx/n' in size <9> not available
(Font)              Font shape `OMS/cmsy/b/n' tried instead on input line 53.
LaTeX Font Warning: Font shape `OT1/cmss/m/it' in size <8> not available
(Font)              Font shape `OT1/cmss/m/sl' tried instead on input line 65.
File: cpelogol.eps Graphic file (type eps)
 <cpelogol.eps>
LaTeX Font Info:    Font shape `OMS/cmr/m/n' in size <9> not available
(Font)              Font shape `OMS/cmsy/m/n' tried instead on input line 65.
 [1

]

LaTeX Warning: Citation `steere99' on page 2 undefined on input line 76.


LaTeX Warning: Citation `goel99' on page 2 undefined on input line 76.


LaTeX Warning: Citation `pham98' on page 2 undefined on input line 78.


LaTeX Warning: Citation `barbosa04' on page 2 undefined on input line 106.


LaTeX Warning: Citation `lopes05' on page 2 undefined on input line 106.


LaTeX Warning: Citation `goldchleger04' on page 2 undefined on input line 108.

File: cpelogos.eps Graphic file (type eps)
<cpelogos.eps>
LaTeX Font Info:    Font shape `OMS/cmr/m/n' in size <8> not available
(Font)              Font shape `OMS/cmsy/m/n' tried instead on input line 130.
 [2]

LaTeX Warning: Citation `seti' on page 3 undefined on input line 132.


LaTeX Warning: Citation `boinc' on page 3 undefined on input line 134.


LaTeX Warning: Citation `mersenne' on page 3 undefined on input line 137.


LaTeX Warning: Citation `distributed' on page 3 undefined on input line 138.


LaTeX Warning: Citation `climate' on page 3 undefined on input line 140.


LaTeX Warning: Citation `cirne06' on page 3 undefined on input line 142.


LaTeX Warning: Citation `hwang03' on page 3 undefined on input line 148.


LaTeX Warning: Citation `fukuda06' on page 3 undefined on input line 160.


LaTeX Warning: Citation `cao02' on page 3 undefined on input line 162.


LaTeX Warning: Citation `loke03' on page 3 undefined on input line 162.


LaTeX Warning: Citation `martino04' on page 3 undefined on input line 163.


LaTeX Warning: Citation `goldchleger04' on page 3 undefined on input line 164.


LaTeX Warning: Citation `barbosa04' on page 3 undefined on input line 165.


LaTeX Warning: Citation `aglets' on page 3 undefined on input line 166.


LaTeX Warning: Citation `barbosa05' on page 3 undefined on input line 167.


LaTeX Warning: Citation `jade' on page 3 undefined on input line 168.


LaTeX Warning: Citation `lopes05' on page 3 undefined on input line 169.


LaTeX Warning: Citation `lopes06_2' on page 3 undefined on input line 169.


Underfull \vbox (badness 10000) has occurred while \output is active []

File: cpelogos.eps Graphic file (type eps)

<cpelogos.eps> [3]
File: images/integrade2_ieee.eps Graphic file (type eps)
 <images/integrade2_ieee.eps>

LaTeX Warning: Citation `lopes05' on page 4 undefined on input line 196.


LaTeX Warning: Citation `jade' on page 4 undefined on input line 200.

File: cpelogos.eps Graphic file (type eps)
<cpelogos.eps> [4]

LaTeX Warning: Citation `brakes00' on page 5 undefined on input line 278.

File: cpelogos.eps Graphic file (type eps)
<cpelogos.eps> [5]
File: images/repCheckNovoFalha.eps Graphic file (type eps)
 <images/repCheckNovoFalha.eps>
File: cpelogos.eps Graphic file (type eps)
 <cpelogos.eps> [6]
File: images/feedback.eps Graphic file (type eps)

<images/feedback.eps>
File: cpelogos.eps Graphic file (type eps)
 <cpelogos.eps> [7]

LaTeX Warning: Citation `buyya02' on page 8 undefined on input line 382.


LaTeX Warning: Citation `plank98' on page 8 undefined on input line 384.


LaTeX Warning: Citation `beguelin97' on page 8 undefined on input line 384.

LaTeX Font Info:    Font shape `OMS/cmr/m/n' in size <10> not available
(Font)              Font shape `OMS/cmsy/m/n' tried instead on input line 387.

LaTeX Warning: Citation `spec06' on page 8 undefined on input line 405.

File: cpelogos.eps Graphic file (type eps)
<cpelogos.eps> [8]

LaTeX Warning: Reference `fig:adapt-mag-2' on page 9 undefined on input line 42
7.

File: images/49-55_scenario.eps Graphic file (type eps)
<images/49-55_scenario.eps>
Overfull \vbox (2.22583pt too high) has occurred while \output is active []

File: cpelogos.eps Graphic file (type eps)

<cpelogos.eps> [9]
File: images/08-11_scenario.eps Graphic file (type eps)
 <images/08-11_scenario.eps>
File: cpelogos.eps Graphic file (type eps)
 <cpelogos.eps> [10]
File: cpelogos.eps Graphic file (type eps)

<cpelogos.eps> [11] (./cpe-vinicius.aux)
LaTeX Font Warning: Size substitutions with differences
(Font)              up to 1.15002pt have occurred.


LaTeX Warning: There were undefined references.

 ) 
Here is how much of TeX's memory you used:
 1996 strings out of 495062
 23995 string characters out of 1182644
 74798 words of memory out of 3000000
 5115 multiletter control sequences out of 15000+50000
 23989 words of font info for 100 fonts, out of 3000000 for 9000
 28 hyphenation exceptions out of 8191
 32i,12n,35p,267b,440s stack positions out of 5000i,500n,10000p,200000b,50000s

Output written on cpe-vinicius.dvi (11 pages, 45052 bytes).
